[    0.000000] Linux version 4.15.0-129-generic (buildd@lcy01-amd64-017) (gcc version 7.5.0 (Ubuntu 7.5.0-3ubuntu1~18.04)) #132-Ubuntu SMP Thu Dec 10 14:02:26 UTC 2020 (Ubuntu 4.15.0-129.132-generic 4.15.18)
[    0.000000] Command line: BOOT_IMAGE=/boot/vmlinuz-4.15.0-129-generic root=UUID=20b1038e-766f-4e5a-92ef-62bc81d7a2d0 ro console=tty1 console=ttyS0
[    0.000000] KERNEL supported cpus:
[    0.000000]   Intel GenuineIntel
[    0.000000]   AMD AuthenticAMD
[    0.000000]   Centaur CentaurHauls
[    0.000000] x86/fpu: Supporting XSAVE feature 0x001: 'x87 floating point registers'
[    0.000000] x86/fpu: Supporting XSAVE feature 0x002: 'SSE registers'
[    0.000000] x86/fpu: Supporting XSAVE feature 0x004: 'AVX registers'
[    0.000000] x86/fpu: xstate_offset[2]:  576, xstate_sizes[2]:  256
[    0.000000] x86/fpu: Enabled xstate features 0x7, context size is 832 bytes, using 'standard' format.
[    0.000000] e820: BIOS-provided physical RAM map:
[    0.000000] BIOS-e820: [mem 0x0000000000000000-0x000000000009fbff] usable
[    0.000000] BIOS-e820: [mem 0x000000000009fc00-0x000000000009ffff] reserved
[    0.000000] BIOS-e820: [mem 0x00000000000f0000-0x00000000000fffff] reserved
[    0.000000] BIOS-e820: [mem 0x0000000000100000-0x000000003ffeffff] usable
[    0.000000] BIOS-e820: [mem 0x000000003fff0000-0x000000003fffffff] ACPI data
[    0.000000] BIOS-e820: [mem 0x00000000fec00000-0x00000000fec00fff] reserved
[    0.000000] BIOS-e820: [mem 0x00000000fee00000-0x00000000fee00fff] reserved
[    0.000000] BIOS-e820: [mem 0x00000000fffc0000-0x00000000ffffffff] reserved
[    0.000000] NX (Execute Disable) protection: active
[    0.000000] SMBIOS 2.5 present.
[    0.000000] DMI: innotek GmbH VirtualBox/VirtualBox, BIOS VirtualBox 12/01/2006
[    0.000000] Hypervisor detected: KVM
[    0.000000] e820: last_pfn = 0x3fff0 max_arch_pfn = 0x400000000
[    0.000000] MTRR: Disabled
[    0.000000] x86/PAT: MTRRs disabled, skipping PAT initialization too.
[    0.000000] CPU MTRRs all blank - virtualized system.
[    0.000000] x86/PAT: Configuration [0-7]: WB  WT  UC- UC  WB  WT  UC- UC  
[    0.000000] found SMP MP-table at [mem 0x0009fff0-0x0009ffff]
[    0.000000] Scanning 1 areas for low memory corruption
[    0.000000] RAMDISK: [mem 0x3595d000-0x36ca5fff]
[    0.000000] ACPI: Early table checksum verification disabled
[    0.000000] ACPI: RSDP 0x00000000000E0000 000024 (v02 VBOX  )
[    0.000000] ACPI: XSDT 0x000000003FFF0030 00003C (v01 VBOX   VBOXXSDT 00000001 ASL  00000061)
[    0.000000] ACPI: FACP 0x000000003FFF00F0 0000F4 (v04 VBOX   VBOXFACP 00000001 ASL  00000061)
[    0.000000] ACPI: DSDT 0x000000003FFF0470 002325 (v02 VBOX   VBOXBIOS 00000002 INTL 20100528)
[    0.000000] ACPI: FACS 0x000000003FFF0200 000040
[    0.000000] ACPI: FACS 0x000000003FFF0200 000040
[    0.000000] ACPI: APIC 0x000000003FFF0240 00005C (v02 VBOX   VBOXAPIC 00000001 ASL  00000061)
[    0.000000] ACPI: SSDT 0x000000003FFF02A0 0001CC (v01 VBOX   VBOXCPUT 00000002 INTL 20100528)
[    0.000000] No NUMA configuration found
[    0.000000] Faking a node at [mem 0x0000000000000000-0x000000003ffeffff]
[    0.000000] NODE_DATA(0) allocated [mem 0x3ffc5000-0x3ffeffff]
[    0.000000] kvm-clock: cpu 0, msr 0:3ff44001, primary cpu clock
[    0.000000] kvm-clock: Using msrs 4b564d01 and 4b564d00
[    0.000000] kvm-clock: using sched offset of 5844022016 cycles
[    0.000000] clocksource: kvm-clock: mask: 0xffffffffffffffff max_cycles: 0x1cd42e4dffb, max_idle_ns: 881590591483 ns
[    0.000000] Zone ranges:
[    0.000000]   DMA      [mem 0x0000000000001000-0x0000000000ffffff]
[    0.000000]   DMA32    [mem 0x0000000001000000-0x000000003ffeffff]
[    0.000000]   Normal   empty
[    0.000000]   Device   empty
[    0.000000] Movable zone start for each node
[    0.000000] Early memory node ranges
[    0.000000]   node   0: [mem 0x0000000000001000-0x000000000009efff]
[    0.000000]   node   0: [mem 0x0000000000100000-0x000000003ffeffff]
[    0.000000] Reserved but unavailable: 98 pages
[    0.000000] Initmem setup node 0 [mem 0x0000000000001000-0x000000003ffeffff]
[    0.000000] ACPI: PM-Timer IO Port: 0x4008
[    0.000000] IOAPIC[0]: apic_id 2, version 32, address 0xfec00000, GSI 0-23
[    0.000000] ACPI: INT_SRC_OVR (bus 0 bus_irq 0 global_irq 2 dfl dfl)
[    0.000000] ACPI: INT_SRC_OVR (bus 0 bus_irq 9 global_irq 9 low level)
[    0.000000] Using ACPI (MADT) for SMP configuration information
[    0.000000] smpboot: Allowing 2 CPUs, 0 hotplug CPUs
[    0.000000] PM: Registered nosave memory: [mem 0x00000000-0x00000fff]
[    0.000000] PM: Registered nosave memory: [mem 0x0009f000-0x0009ffff]
[    0.000000] PM: Registered nosave memory: [mem 0x000a0000-0x000effff]
[    0.000000] PM: Registered nosave memory: [mem 0x000f0000-0x000fffff]
[    0.000000] e820: [mem 0x40000000-0xfebfffff] available for PCI devices
[    0.000000] Booting paravirtualized kernel on KVM
[    0.000000] clocksource: refined-jiffies: mask: 0xffffffff max_cycles: 0xffffffff, max_idle_ns: 7645519600211568 ns
[    0.000000] random: get_random_bytes called from start_kernel+0x99/0x500 with crng_init=0
[    0.000000] setup_percpu: NR_CPUS:8192 nr_cpumask_bits:2 nr_cpu_ids:2 nr_node_ids:1
[    0.000000] percpu: Embedded 45 pages/cpu s147456 r8192 d28672 u1048576
[    0.000000] PV qspinlock hash table entries: 256 (order: 0, 4096 bytes)
[    0.000000] Built 1 zonelists, mobility grouping on.  Total pages: 257913
[    0.000000] Policy zone: DMA32
[    0.000000] Kernel command line: BOOT_IMAGE=/boot/vmlinuz-4.15.0-129-generic root=UUID=20b1038e-766f-4e5a-92ef-62bc81d7a2d0 ro console=tty1 console=ttyS0
[    0.000000] Memory: 982496K/1048120K available (12300K kernel code, 2482K rwdata, 4276K rodata, 2440K init, 2724K bss, 65624K reserved, 0K cma-reserved)
[    0.000000] SLUB: HWalign=64, Order=0-3, MinObjects=0, CPUs=2, Nodes=1
[    0.000000] Kernel/User page tables isolation: enabled
[    0.000000] ftrace: allocating 39421 entries in 154 pages
[    0.004000] Hierarchical RCU implementation.
[    0.004000] 	RCU restricting CPUs from NR_CPUS=8192 to nr_cpu_ids=2.
[    0.004000] 	Tasks RCU enabled.
[    0.004000] RCU: Adjusting geometry for rcu_fanout_leaf=16, nr_cpu_ids=2
[    0.004000] NR_IRQS: 524544, nr_irqs: 440, preallocated irqs: 16
[    0.004000] Console: colour VGA+ 80x25
[    0.004000] console [tty1] enabled
[    0.004000] console [ttyS0] enabled
[    0.004000] ACPI: Core revision 20170831
[    0.004000] ACPI: 2 ACPI AML tables successfully acquired and loaded
[    0.004000] APIC: Switch to symmetric I/O mode setup
[    0.004000] x2apic enabled
[    0.004000] Switched APIC routing to physical x2apic.
[    0.005055] ..TIMER: vector=0x30 apic1=0 pin1=2 apic2=-1 pin2=-1
[    0.008004] tsc: Detected 2808.000 MHz processor
[    0.012012] Calibrating delay loop (skipped) preset value.. 5616.00 BogoMIPS (lpj=11232000)
[    0.013510] pid_max: default: 32768 minimum: 301
[    0.014377] Security Framework initialized
[    0.015500] Yama: becoming mindful.
[    0.016021] AppArmor: AppArmor initialized
[    0.018804] Dentry cache hash table entries: 131072 (order: 8, 1048576 bytes)
[    0.020076] Inode-cache hash table entries: 65536 (order: 7, 524288 bytes)
[    0.022181] Mount-cache hash table entries: 2048 (order: 2, 16384 bytes)
[    0.024011] Mountpoint-cache hash table entries: 2048 (order: 2, 16384 bytes)
[    0.025795] Last level iTLB entries: 4KB 64, 2MB 8, 4MB 8
[    0.026821] Last level dTLB entries: 4KB 64, 2MB 0, 4MB 0, 1GB 4
[    0.028003] Spectre V1 : Mitigation: usercopy/swapgs barriers and __user pointer sanitization
[    0.029574] Spectre V2 : Mitigation: Full generic retpoline
[    0.030600] Spectre V2 : Spectre v2 / SpectreRSB mitigation: Filling RSB on context switch
[    0.032001] Speculative Store Bypass: Vulnerable
[    0.032908] SRBDS: Unknown: Dependent on hypervisor status
[    0.033935] MDS: Mitigation: Clear CPU buffers
[    0.034921] Freeing SMP alternatives memory: 36K
[    0.145852] smpboot: CPU0: Intel(R) Core(TM) i7-7700HQ CPU @ 2.80GHz (family: 0x6, model: 0x9e, stepping: 0x9)
[    0.148000] Performance Events: unsupported p6 CPU model 158 no PMU driver, software events only.
[    0.148030] Hierarchical SRCU implementation.
[    0.149519] NMI watchdog: Perf event create on CPU 0 failed with -2
[    0.151015] NMI watchdog: Perf NMI watchdog permanently disabled
[    0.152038] smp: Bringing up secondary CPUs ...
[    0.152968] x86: Booting SMP configuration:
[    0.154415] .... node  #0, CPUs:      #1
[    0.004000] kvm-clock: cpu 1, msr 0:3ff44041, secondary cpu clock
[    0.159719] smp: Brought up 1 node, 2 CPUs
[    0.160006] smpboot: Max logical packages: 1
[    0.160822] smpboot: Total of 2 processors activated (11232.00 BogoMIPS)
[    0.162418] devtmpfs: initialized
[    0.164045] x86/mm: Memory block size: 128MB
[    0.165347] evm: security.selinux
[    0.166060] evm: security.SMACK64
[    0.166728] evm: security.SMACK64EXEC
[    0.168005] evm: security.SMACK64TRANSMUTE
[    0.168828] evm: security.SMACK64MMAP
[    0.169537] evm: security.apparmor
[    0.170247] evm: security.ima
[    0.170920] evm: security.capability
[    0.172028] clocksource: jiffies: mask: 0xffffffff max_cycles: 0xffffffff, max_idle_ns: 7645041785100000 ns
[    0.174360] futex hash table entries: 512 (order: 3, 32768 bytes)
[    0.176010] pinctrl core: initialized pinctrl subsystem
[    0.177293] RTC time:  8:16:41, date: 01/16/21
[    0.178316] NET: Registered protocol family 16
[    0.180067] audit: initializing netlink subsys (disabled)
[    0.181118] audit: type=2000 audit(1610785008.507:1): state=initialized audit_enabled=0 res=1
[    0.181809] cpuidle: using governor ladder
[    0.184012] cpuidle: using governor menu
[    0.184871] ACPI: bus type PCI registered
[    0.185739] acpiphp: ACPI Hot Plug PCI Controller Driver version: 0.5
[    0.187254] PCI: Using configuration type 1 for base access
[    0.188837] HugeTLB registered 2.00 MiB page size, pre-allocated 0 pages
[    0.192073] ACPI: Added _OSI(Module Device)
[    0.192874] ACPI: Added _OSI(Processor Device)
[    0.193709] ACPI: Added _OSI(3.0 _SCP Extensions)
[    0.194594] ACPI: Added _OSI(Processor Aggregator Device)
[    0.195597] ACPI: Added _OSI(Linux-Dell-Video)
[    0.196003] ACPI: Added _OSI(Linux-Lenovo-NV-HDMI-Audio)
[    0.196994] ACPI: Added _OSI(Linux-HPI-Hybrid-Graphics)
[    0.198323] ACPI: Executed 1 blocks of module-level executable AML code
[    0.202712] ACPI: Interpreter enabled
[    0.203446] ACPI: (supports S0 S5)
[    0.204002] ACPI: Using IOAPIC for interrupt routing
[    0.205347] PCI: Using host bridge windows from ACPI; if necessary, use "pci=nocrs" and report a bug
[    0.207613] ACPI: Enabled 2 GPEs in block 00 to 07
[    0.214641] ACPI: PCI Root Bridge [PCI0] (domain 0000 [bus 00-ff])
[    0.216009] acpi PNP0A03:00: _OSC: OS supports [ASPM ClockPM Segments MSI]
[    0.217681] acpi PNP0A03:00: _OSC: not requesting OS control; OS requires [ExtendedConfig ASPM ClockPM MSI]
[    0.219486] acpi PNP0A03:00: fail to add MMCONFIG information, can't access extended PCI configuration space under this bridge.
[    0.220457] PCI host bridge to bus 0000:00
[    0.221394] pci_bus 0000:00: root bus resource [io  0x0000-0x0cf7 window]
[    0.224004] pci_bus 0000:00: root bus resource [io  0x0d00-0xffff window]
[    0.225246] pci_bus 0000:00: root bus resource [mem 0x000a0000-0x000bffff window]
[    0.226651] pci_bus 0000:00: root bus resource [mem 0x40000000-0xfdffffff window]
[    0.228003] pci_bus 0000:00: root bus resource [bus 00-ff]
[    0.232435] pci 0000:00:01.1: legacy IDE quirk: reg 0x10: [io  0x01f0-0x01f7]
[    0.233871] pci 0000:00:01.1: legacy IDE quirk: reg 0x14: [io  0x03f6]
[    0.235317] pci 0000:00:01.1: legacy IDE quirk: reg 0x18: [io  0x0170-0x0177]
[    0.236010] pci 0000:00:01.1: legacy IDE quirk: reg 0x1c: [io  0x0376]
[    0.254771] pci 0000:00:07.0: quirk: [io  0x4000-0x403f] claimed by PIIX4 ACPI
[    0.256021] pci 0000:00:07.0: quirk: [io  0x4100-0x410f] claimed by PIIX4 SMB
[    0.267789] ACPI: PCI Interrupt Link [LNKA] (IRQs 5 9 10 *11)
[    0.268281] ACPI: PCI Interrupt Link [LNKB] (IRQs 5 9 *10 11)
[    0.269502] ACPI: PCI Interrupt Link [LNKC] (IRQs 5 *9 10 11)
[    0.270687] ACPI: PCI Interrupt Link [LNKD] (IRQs 5 9 10 *11)
[    0.272361] SCSI subsystem initialized
[    0.273143] pci 0000:00:02.0: vgaarb: setting as boot VGA device
[    0.273181] pci 0000:00:02.0: vgaarb: VGA device added: decodes=io+mem,owns=io+mem,locks=none
[    0.276010] pci 0000:00:02.0: vgaarb: bridge control possible
[    0.277071] vgaarb: loaded
[    0.277641] ACPI: bus type USB registered
[    0.278425] usbcore: registered new interface driver usbfs
[    0.280016] usbcore: registered new interface driver hub
[    0.281016] usbcore: registered new device driver usb
[    0.282007] EDAC MC: Ver: 3.0.0
[    0.282007] PCI: Using ACPI for IRQ routing
[    0.284331] NetLabel: Initializing
[    0.285000] NetLabel:  domain hash size = 128
[    0.285822] NetLabel:  protocols = UNLABELED CIPSOv4 CALIPSO
[    0.286877] NetLabel:  unlabeled traffic allowed by default
[    0.288113] clocksource: Switched to clocksource kvm-clock
[    0.300760] VFS: Disk quotas dquot_6.6.0
[    0.302117] VFS: Dquot-cache hash table entries: 512 (order 0, 4096 bytes)
[    0.304430] AppArmor: AppArmor Filesystem Enabled
[    0.306506] pnp: PnP ACPI init
[    0.308887] pnp: PnP ACPI: found 3 devices
[    0.318559] clocksource: acpi_pm: mask: 0xffffff max_cycles: 0xffffff, max_idle_ns: 2085701024 ns
[    0.320649] NET: Registered protocol family 2
[    0.322102] TCP established hash table entries: 8192 (order: 4, 65536 bytes)
[    0.323551] TCP bind hash table entries: 8192 (order: 5, 131072 bytes)
[    0.326290] TCP: Hash tables configured (established 8192 bind 8192)
[    0.327512] UDP hash table entries: 512 (order: 2, 16384 bytes)
[    0.328651] UDP-Lite hash table entries: 512 (order: 2, 16384 bytes)
[    0.329859] NET: Registered protocol family 1
[    0.330722] pci 0000:00:00.0: Limiting direct PCI/PCI transfers
[    0.331922] pci 0000:00:01.0: Activating ISA DMA hang workarounds
[    0.333233] pci 0000:00:02.0: Video device with shadowed ROM at [mem 0x000c0000-0x000dffff]
[    0.335325] Unpacking initramfs...
[    0.625903] Freeing initrd memory: 19748K
[    0.627294] clocksource: tsc: mask: 0xffffffffffffffff max_cycles: 0x2879c5f06f2, max_idle_ns: 440795220049 ns
[    0.629839] platform rtc_cmos: registered platform RTC device (no PNP device found)
[    0.631429] Scanning for low memory corruption every 60 seconds
[    0.633226] Initialise system trusted keyrings
[    0.634603] Key type blacklist registered
[    0.635449] workingset: timestamp_bits=36 max_order=18 bucket_order=0
[    0.637483] zbud: loaded
[    0.638425] squashfs: version 4.0 (2009/01/31) Phillip Lougher
[    0.639723] fuse init (API version 7.26)
[    0.642692] Key type asymmetric registered
[    0.643810] Asymmetric key parser 'x509' registered
[    0.644994] Block layer SCSI generic (bsg) driver version 0.4 loaded (major 246)
[    0.646581] io scheduler noop registered
[    0.647366] io scheduler deadline registered
[    0.648521] io scheduler cfq registered (default)
[    0.650084] ACPI: AC Adapter [AC] (off-line)
[    0.650948] input: Power Button as /devices/LNXSYSTM:00/LNXPWRBN:00/input/input0
[    0.652450] ACPI: Power Button [PWRF]
[    0.653343] input: Sleep Button as /devices/LNXSYSTM:00/LNXSLPBN:00/input/input1
[    0.655108] ACPI: Sleep Button [SLPF]
[    0.657380] ACPI: Battery Slot [BAT0] (battery present)
[    0.658888] Serial: 8250/16550 driver, 32 ports, IRQ sharing enabled
[    0.681510] 00:02: ttyS0 at I/O 0x3f8 (irq = 4, base_baud = 115200) is a 16550A
[    0.688408] Linux agpgart interface v0.103
[    0.691109] loop: module loaded
[    0.692281] scsi host0: ata_piix
[    0.693272] scsi host1: ata_piix
[    0.693971] ata1: PATA max UDMA/33 cmd 0x1f0 ctl 0x3f6 bmdma 0xd000 irq 14
[    0.695246] ata2: PATA max UDMA/33 cmd 0x170 ctl 0x376 bmdma 0xd008 irq 15
[    0.696893] libphy: Fixed MDIO Bus: probed
[    0.697912] tun: Universal TUN/TAP device driver, 1.6
[    0.699138] PPP generic driver version 2.4.2
[    0.700272] ehci_hcd: USB 2.0 'Enhanced' Host Controller (EHCI) Driver
[    0.701478] ehci-pci: EHCI PCI platform driver
[    0.702339] ehci-platform: EHCI generic platform driver
[    0.703338] ohci_hcd: USB 1.1 'Open' Host Controller (OHCI) Driver
[    0.704516] ohci-pci: OHCI PCI platform driver
[    0.705393] ohci-platform: OHCI generic platform driver
[    0.706385] uhci_hcd: USB Universal Host Controller Interface driver
[    0.707603] i8042: PNP: PS/2 Controller [PNP0303:PS2K,PNP0f03:PS2M] at 0x60,0x64 irq 1,12
[    0.709575] serio: i8042 KBD port at 0x60,0x64 irq 1
[    0.710544] serio: i8042 AUX port at 0x60,0x64 irq 12
[    0.711714] mousedev: PS/2 mouse device common for all mice
[    0.713305] input: AT Translated Set 2 keyboard as /devices/platform/i8042/serio0/input/input2
[    0.715121] rtc_cmos rtc_cmos: rtc core: registered rtc_cmos as rtc0
[    0.716363] rtc_cmos rtc_cmos: alarms up to one day, 114 bytes nvram
[    0.717541] i2c /dev entries driver
[    0.718264] device-mapper: uevent: version 1.0.3
[    0.719211] device-mapper: ioctl: 4.37.0-ioctl (2017-09-20) initialised: dm-devel@redhat.com
[    0.721195] ledtrig-cpu: registered to indicate activity on CPUs
[    0.723078] NET: Registered protocol family 10
[    0.728433] Segment Routing with IPv6
[    0.729387] NET: Registered protocol family 17
[    0.730552] Key type dns_resolver registered
[    0.731714] mce: Using 0 MCE banks
[    0.733110] RAS: Correctable Errors collector initialized.
[    0.734455] sched_clock: Marking stable (733020718, 0)->(897705371, -164684653)
[    0.736481] registered taskstats version 1
[    0.737286] Loading compiled-in X.509 certificates
[    0.740732] Loaded X.509 cert 'Build time autogenerated kernel key: c0b12e93431a85da2633d00ac393f61630080db8'
[    0.742915] zswap: loaded using pool lzo/zbud
[    0.747679] Key type big_key registered
[    0.748551] Key type trusted registered
[    0.751573] Key type encrypted registered
[    0.752648] AppArmor: AppArmor sha1 policy hashing enabled
[    0.754123] ima: No TPM chip found, activating TPM-bypass! (rc=-19)
[    0.755857] ima: Allocated hash algorithm: sha1
[    0.757146] evm: HMAC attrs: 0x1
[    0.758093]   Magic number: 5:736:270
[    0.758933] rtc_cmos rtc_cmos: setting system clock to 2021-01-16 08:16:41 UTC (1610785001)
[    0.760668] BIOS EDD facility v0.16 2004-Jun-25, 0 devices found
[    0.761895] EDD information not available.
[    0.882472] Freeing unused kernel image memory: 2440K
[    0.892779] Write protecting the kernel read-only data: 20480k
[    0.895172] Freeing unused kernel image memory: 2008K
[    0.896523] Freeing unused kernel image memory: 1868K
[    0.903513] x86/mm: Checked W+X mappings: passed, no W+X pages found.
[    0.905500] x86/mm: Checking user space page tables
[    0.913023] x86/mm: Checked W+X mappings: passed, no W+X pages found.
Loading, please wait...
starting version 237
[    0.981398] e1000: Intel(R) PRO/1000 Network Driver - version 7.3.21-k8-NAPI
[    0.983531] e1000: Copyright (c) 1999-2006 Intel Corporation.
[    0.986363] Fusion MPT base driver 3.04.20
[    0.987217] Copyright (c) 1999-2008 LSI Corporation
[    0.991381] Fusion MPT SPI Host driver 3.04.20
[    1.002877] AVX2 version of gcm_enc/dec engaged.
[    1.003786] AES CTR mode by8 optimization enabled
[    1.193276] input: ImExPS/2 Generic Explorer Mouse as /devices/platform/i8042/serio1/input/input4
[    1.385690] e1000 0000:00:03.0 eth0: (PCI:33MHz:32-bit) 02:5f:45:77:d1:f5
[    1.388014] e1000 0000:00:03.0 eth0: Intel(R) PRO/1000 Network Connection
[    1.390789] mptbase: ioc0: Initiating bringup
[    1.485629] ioc0: LSI53C1030 A0: Capabilities={Initiator}
[    1.740662] scsi host2: ioc0: LSI53C1030 A0, FwRev=00000000h, Ports=1, MaxQ=256, IRQ=20
[    1.908651] scsi 2:0:0:0: Direct-Access     VBOX     HARDDISK         1.0  PQ: 0 ANSI: 5
[    2.036118] scsi target2:0:0: Beginning Domain Validation
[    2.039709] scsi target2:0:0: Domain Validation skipping write tests
[    2.040932] scsi target2:0:0: Ending Domain Validation
[    2.041946] scsi target2:0:0: asynchronous
[    2.042988] scsi 2:0:1:0: Direct-Access     VBOX     HARDDISK         1.0  PQ: 0 ANSI: 5
[    2.303014] scsi target2:0:1: Beginning Domain Validation
[    2.305210] random: fast init done
[    2.306643] scsi target2:0:1: Domain Validation skipping write tests
[    2.307937] scsi target2:0:1: Ending Domain Validation
[    2.309012] scsi target2:0:1: asynchronous
[    2.312990] random: systemd-udevd: uninitialized urandom read (16 bytes read)
[    2.314457] random: systemd-udevd: uninitialized urandom read (16 bytes read)
[    2.316226] random: systemd-udevd: uninitialized urandom read (16 bytes read)
[    2.318009] sd 2:0:0:0: Attached scsi generic sg0 type 0
[    2.319595] sd 2:0:1:0: Attached scsi generic sg1 type 0
[    2.328299] sd 2:0:1:0: [sdb] 20480 512-byte logical blocks: (10.5 MB/10.0 MiB)
[    2.329103] e1000 0000:00:08.0 eth1: (PCI:33MHz:32-bit) 08:00:27:92:1d:f4
[    2.330342] sd 2:0:0:0: [sda] 41943040 512-byte logical blocks: (21.5 GB/20.0 GiB)
[    2.332085] e1000 0000:00:08.0 eth1: Intel(R) PRO/1000 Network Connection
[    2.332416] sd 2:0:1:0: [sdb] Write Protect is off
[    2.334880] sd 2:0:0:0: [sda] Write Protect is off
[    2.339352] sd 2:0:1:0: [sdb] Incomplete mode parameter data
[    2.340143] e1000 0000:00:03.0 enp0s3: renamed from eth0
[    2.340549] sd 2:0:1:0: [sdb] Assuming drive cache: write through
[    2.343678] sd 2:0:0:0: [sda] Incomplete mode parameter data
[    2.344821] sd 2:0:0:0: [sda] Assuming drive cache: write through
[    2.348732]  sda: sda1
[    2.350092] sd 2:0:1:0: [sdb] Attached SCSI disk
[    2.351234] sd 2:0:0:0: [sda] Attached SCSI disk
[    2.357462] e1000 0000:00:08.0 enp0s8: renamed from eth1
Begin: Loading essential drivers ... [    3.792266] raid6: sse2x1   gen() 11284 MB/s
[    3.840299] raid6: sse2x1   xor()  8270 MB/s
[    3.888387] raid6: sse2x2   gen() 13938 MB/s
[    3.936233] raid6: sse2x2   xor()  9229 MB/s
[    3.984374] raid6: sse2x4   gen() 15694 MB/s
[    4.032249] raid6: sse2x4   xor() 10195 MB/s
[    4.080340] raid6: avx2x1   gen() 23518 MB/s
[    4.128101] raid6: avx2x1   xor() 14028 MB/s
[    4.176203] raid6: avx2x2   gen() 21326 MB/s
[    4.224393] raid6: avx2x2   xor() 15789 MB/s
[    4.272255] raid6: avx2x4   gen() 31078 MB/s
[    4.320128] raid6: avx2x4   xor() 18115 MB/s
[    4.321553] raid6: using algorithm avx2x4 gen() 31078 MB/s
[    4.322699] raid6: .... xor() 18115 MB/s, rmw enabled
[    4.323986] raid6: using avx2x2 recovery algorithm
[    4.326321] xor: automatically using best checksumming function   avx       
[    4.329208] async_tx: api initialized (async)
done.
Begin: Running /scripts/init-premount ... done.
Begin: Mounting root file system ... Begin: Running /scripts/local-top ... done.
Begin: Running /scripts/local-premount ... [    4.370336] Btrfs loaded, crc32c=crc32c-intel
Scanning for Btrfs filesystems
done.
Warning: fsck not present, so skipping root file system
[    4.408798] EXT4-fs (sda1): mounted filesystem with ordered data mode. Opts: (null)
done.
Begin: Running /scripts/local-bottom ... done.
Begin: Running /scripts/init-bottom ... done.
[    4.742629] ip_tables: (C) 2000-2006 Netfilter Core Team
[    4.752718] systemd[1]: systemd 237 running in system mode. (+PAM +AUDIT +SELINUX +IMA +APPARMOR +SMACK +SYSVINIT +UTMP +LIBCRYPTSETUP +GCRYPT +GNUTLS +ACL +XZ +LZ4 +SECCOMP +BLKID +ELFUTILS +KMOD -IDN2 +IDN -PCRE2 default-hierarchy=hybrid)
[    4.757114] systemd[1]: Detected virtualization oracle.
[    4.758102] systemd[1]: Detected architecture x86-64.

Welcome to [1mUbuntu 18.04.4 LTS[0m!

[    4.777302] systemd[1]: Set hostname to <ubuntu-bionic>.
[    5.137231] systemd[1]: Set up automount Arbitrary Executable File Formats File System Automount Point.
[[0;32m  OK  [0m] Set up automount Arbitrary Executab…rmats File System Automount Point.
[    5.142648] systemd[1]: Created slice User and Session Slice.
[[0;32m  OK  [0m] Created slice User and Session Slice.
[    5.144988] systemd[1]: Reached target Swap.
[[0;32m  OK  [0m] Reached target Swap.
[    5.146780] systemd[1]: Created slice System Slice.
[[0;32m  OK  [0m] Created slice System Slice.
[    5.149202] systemd[1]: Listening on Device-mapper event daemon FIFOs.
[[0;32m  OK  [0m] Listening on Device-mapper event daemon FIFOs.
[    5.151436] systemd[1]: Listening on Network Service Netlink Socket.
[[0;32m  OK  [0m] Listening on Network Service Netlink Socket.
[[0;32m  OK  [0m] Listening on LVM2 poll daemon socket.
[[0;32m  OK  [0m] Listening on /dev/initctl Compatibility Named Pipe.
[[0;32m  OK  [0m] Listening on udev Control Socket.
[[0;32m  OK  [0m] Listening on Journal Audit Socket.
[[0;32m  OK  [0m] Created slice system-serial\x2dgetty.slice.
[[0;32m  OK  [0m] Listening on Journal Socket.
         Mounting POSIX Message Queue File System...
         Starting Remount Root and Kernel File Systems...
         Starting Create list of required st…ce nodes for the current kernel...
         Starting Load Kernel Modules...
[[0;32m  OK  [0m] Started Forward Password Requests to Wall Directory Watch.
[    5.243469] EXT4-fs (sda1): re-mounted. Opts: (null)
[[0;32m  OK  [0m] Listening on udev Kernel Socket.
[[0;32m  OK  [0m] Reached target User and Group Name Lookups.
[[0;32m  OK  [0m] Reached target Slices.
         Mounting Kernel Debug File System...
[[0;32m  OK  [0m] Reached target System Time Synchronized.
         Starting udev Coldplug all Devices...
[[0;32m  OK  [0m] Listening on Syslog Socket.
[[0;32m  OK  [0m] Listening on LVM2 metadata daemon socket.
         Starting Monitoring of LVM2 mirrors…ng dmeventd or progress polling...
[    5.276966] Loading iSCSI transport class v2.0-870.
         Starting Uncomplicated firewall...
[[0;32m  OK  [0m] Listening on Journal Socket (/dev/log).
         Starting Journal Service...
         Mounting Huge Pages File System...
         Starting Set the console keyboard layout...
[[0;32m  OK  [0m] Mounted POSIX Message Queue File System.
[[0;32m  OK  [0m] Started Remount Root and Kernel File Systems.
[[0;32m  OK  [0m] Started Create list of required sta…vice nodes for the current kernel.
[[0;32m  OK  [0m] Mounted Kernel Debug File System.
[[0;32m  OK  [0m] Mounted Huge Pages File System.
[[0;32m  OK  [0m] Started LVM2 metadata daemon.
         Starting Create Static Device Nodes in /dev...
[    5.322247] iscsi: registered transport (tcp)
[    5.342661] iscsi: registered transport (iser)
         Starting Load/Save Random Seed...
[[0;32m  OK  [0m] Started Journal Service.
[[0;32m  OK  [0m] Started Load Kernel Modules.
[[0;32m  OK  [0m] Started Uncomplicated firewall.
[[0;32m  OK  [0m] Started udev Coldplug all Devices.
         Starting Apply Kernel Variables...
         Mounting FUSE Control File System...
         Mounting Kernel Configuration File System...
         Starting Flush Journal to Persistent Storage...
[[0;32m  OK  [0m] Started Monitoring of LVM2 mirrors,…sing dmeventd or progress polling.
[[0;32m  OK  [0m] Started Create Static Device Nodes in /dev.
[[0;32m  OK  [0m] Started Load/Save Random Seed.
[[0;32m  OK  [0m] Started Apply Kernel Variables.
[[0;32m  OK  [0m] Mounted FUSE Control File System.
[[0;32m  OK  [0m] Mounted Kernel Configuration File System.
         Starting udev Kernel Device Manager...
[[0;32m  OK  [0m] Started Set the console keyboard layout.
[[0;32m  OK  [0m] Started udev Kernel Device Manager.
[[0;32m  OK  [0m] Reached target Local File Systems (Pre).
[[0;32m  OK  [0m] Reached target Local File Systems.
         Starting Set console font and keymap...
         Starting Tell Plymouth To Write Out Runtime Data...
         Starting AppArmor initialization...
         Starting ebtables ruleset management...
[[0;32m  OK  [0m] Started Dispatch Password Requests to Console Directory Watch.
[[0;32m  OK  [0m] Reached target Local Encrypted Volumes.
[[0;32m  OK  [0m] Started Set console font and keymap.
[[0;32m  OK  [0m] Started Tell Plymouth To Write Out Runtime Data.
[[0;32m  OK  [0m] Started Flush Journal to Persistent Storage.
         Starting Create Volatile Files and Directories...
[[0;32m  OK  [0m] Started Create Volatile Files and Directories.
         Starting Update UTMP about System Boot/Shutdown...
[[0;32m  OK  [0m] Started Update UTMP about System Boot/Shutdown.
[[0;32m  OK  [0m] Started ebtables ruleset management.
[[0;32m  OK  [0m] Found device /dev/ttyS0.
[[0;32m  OK  [0m] Listening on Load/Save RF Kill Switch Status /dev/rfkill Watch.
[[0;32m  OK  [0m] Found device 82540EM Gigabit Ethern…ler (PRO/1000 MT Desktop Adapter).
[[0;32m  OK  [0m] Started AppArmor initialization.
         Starting Load AppArmor profiles managed internally by snapd...
         Starting Initial cloud-init job (pre-networking)...
[[0;32m  OK  [0m] Started Load AppArmor profiles managed internally by snapd.
[    7.351572] cloud-init[562]: Cloud-init v. 20.2-45-g5f7825e2-0ubuntu1~18.04.1 running 'init-local' at Sat, 16 Jan 2021 08:16:47 +0000. Up 7.14 seconds.
[[0;32m  OK  [0m] Started Initial cloud-init job (pre-networking).
[[0;32m  OK  [0m] Reached target Network (Pre).
[[0;32m  OK  [0m] Started ifup for enp0s8.
         Starting Network Service...
         Starting Raise network interfaces...
[[0;32m  OK  [0m] Started Network Service.
         Starting Wait for Network to be Configured...
         Starting Network Name Resolution...
[[0;32m  OK  [0m] Started Raise network interfaces.
[[0;32m  OK  [0m] Started Network Name Resolution.
[[0;32m  OK  [0m] Reached target Host and Network Name Lookups.
[[0;32m  OK  [0m] Reached target Network.
[[0;32m  OK  [0m] Started Wait for Network to be Configured.
         Starting Initial cloud-init job (metadata service crawler)...
[   10.089229] cloud-init[826]: Cloud-init v. 20.2-45-g5f7825e2-0ubuntu1~18.04.1 running 'init' at Sat, 16 Jan 2021 08:16:50 +0000. Up 9.93 seconds.
[   10.091605] cloud-init[826]: ci-info: ++++++++++++++++++++++++++++++++++++++Net device info+++++++++++++++++++++++++++++++++++++++
[   10.093700] cloud-init[826]: ci-info: +--------+------+-----------------------------+---------------+--------+-------------------+
[   10.095824] cloud-init[826]: ci-info: | Device |  Up  |           Address           |      Mask     | Scope  |     Hw-Address    |
[   10.098318] cloud-init[826]: ci-info: +--------+------+-----------------------------+---------------+--------+-------------------+
[   10.100304] cloud-init[826]: ci-info: | enp0s3 | True |          10.0.2.15          | 255.255.255.0 | global | 02:5f:45:77:d1:f5 |
[   10.102634] cloud-init[826]: ci-info: | enp0s3 | True |  fe80::5f:45ff:fe77:d1f5/64 |       .       |  link  | 02:5f:45:77:d1:f5 |
[   10.104929] cloud-init[826]: ci-info: | enp0s8 | True |        192.168.33.10        | 255.255.255.0 | global | 08:00:27:92:1d:f4 |
[   10.106914] cloud-init[826]: ci-info: | enp0s8 | True | fe80::a00:27ff:fe92:1df4/64 |       .       |  link  | 08:00:27:92:1d:f4 |
[   10.109310] cloud-init[826]: ci-info: |   lo   | True |          127.0.0.1          |   255.0.0.0   |  host  |         .         |
[   10.124315] cloud-init[826]: ci-info: |   lo   | True |           ::1/128           |       .       |  host  |         .         |
[   10.126481] cloud-init[826]: ci-info: +--------+------+-----------------------------+---------------+--------+-------------------+
[   10.128658] cloud-init[826]: ci-info: +++++++++++++++++++++++++++++Route IPv4 info+++++++++++++++++++++++++++++
[   10.140240] cloud-init[826]: ci-info: +-------+--------------+----------+-----------------+-----------+-------+
[   10.142319] cloud-init[826]: ci-info: | Route | Destination  | Gateway  |     Genmask     | Interface | Flags |
[   10.144100] cloud-init[826]: ci-info: +-------+--------------+----------+-----------------+-----------+-------+
[   10.156311] cloud-init[826]: ci-info: |   0   |   0.0.0.0    | 10.0.2.2 |     0.0.0.0     |   enp0s3  |   UG  |
[   10.158025] cloud-init[826]: ci-info: |   1   |   10.0.2.0   | 0.0.0.0  |  255.255.255.0  |   enp0s3  |   U   |
[   10.159582] cloud-init[826]: ci-info: |   2   |   10.0.2.2   | 0.0.0.0  | 255.255.255.255 |   enp0s3  |   UH  |
[   10.161137] cloud-init[826]: ci-info: |   3   | 192.168.33.0 | 0.0.0.0  |  255.255.255.0  |   enp0s8  |   U   |
[   10.162680] cloud-init[826]: ci-info: +-------+--------------+----------+-----------------+-----------+-------+
[   10.164401] cloud-init[826]: ci-info: +++++++++++++++++++Route IPv6 info+++++++++++++++++++
[   10.167366] cloud-init[826]: ci-info: +-------+-------------+---------+-----------+-------+
[   10.169079] cloud-init[826]: ci-info: | Route | Destination | Gateway | Interface | Flags |
[   10.180295] cloud-init[826]: ci-info: +-------+-------------+---------+-----------+-------+
[   10.181196] cloud-init[826]: ci-info: |   1   |  fe80::/64  |    ::   |   enp0s8  |   U   |
[   10.182320] cloud-init[826]: ci-info: |   2   |  fe80::/64  |    ::   |   enp0s3  |   U   |
[   10.183799] cloud-init[826]: ci-info: |   4   |    local    |    ::   |   enp0s3  |   U   |
[   10.184454] cloud-init[826]: ci-info: |   5   |    local    |    ::   |   enp0s8  |   U   |
[   10.196293] cloud-init[826]: ci-info: |   6   |   ff00::/8  |    ::   |   enp0s8  |   U   |
[   10.199861] cloud-init[826]: ci-info: |   7   |   ff00::/8  |    ::   |   enp0s3  |   U   |
[   10.212274] cloud-init[826]: ci-info: +-------+-------------+---------+-----------+-------+
[[0;32m  OK  [0m] Started Initial cloud-init job (metadata service crawler).
[[0;32m  OK  [0m] Reached target Cloud-config availability.
[[0;32m  OK  [0m] Reached target Network is Online.
         Starting Availability of block devices...
[[0;32m  OK  [0m] Reached target Remote File Systems (Pre).
[[0;32m  OK  [0m] Reached target Remote File Systems.
[[0;32m  OK  [0m] Reached target System Initialization.
[[0;32m  OK  [0m] Listening on D-Bus System Message Bus Socket.
[[0;32m  OK  [0m] Listening on Open-iSCSI iscsid Socket.
[[0;32m  OK  [0m] Started ACPI Events Check.
[[0;32m  OK  [0m] Listening on ACPID Listen Socket.
[[0;32m  OK  [0m] Reached target Paths.
         Starting Socket activation for snappy daemon.
[[0;32m  OK  [0m] Started Message of the Day.
[[0;32m  OK  [0m] Started Clean PHP session files every 30 mins.
[[0;32m  OK  [0m] Started Daily Cleanup of Temporary Directories.
         Starting LXD - unix socket.
[[0;32m  OK  [0m] Listening on UUID daemon activation socket.
[[0;32m  OK  [0m] Started Discard unused blocks once a week.
[[0;32m  OK  [0m] Started Daily apt download activities.
[[0;32m  OK  [0m] Started Daily apt upgrade and clean activities.
[[0;32m  OK  [0m] Reached target Timers.
[[0;32m  OK  [0m] Started Availability of block devices.
[[0;32m  OK  [0m] Listening on Socket activation for snappy daemon.
[[0;32m  OK  [0m] Listening on LXD - unix socket.
[[0;32m  OK  [0m] Reached target Sockets.
[[0;32m  OK  [0m] Reached target Basic System.
         Starting LSB: Record successful boot for GRUB...
         Starting vboxadd.service...
         Starting Clean php session files...
         Starting LXD - container startup/shutdown...
         Starting Dispatcher daemon for systemd-networkd...
         Starting Permit User Sessions...
[[0;32m  OK  [0m] Started Deferred execution scheduler.
[[0;32m  OK  [0m] Started irqbalance daemon.
         Starting Pollinate to seed the pseudo random number generator...
         Starting Accounts Service...
         Starting LSB: automatic crash report generation...
[[0;32m  OK  [0m] Started FUSE filesystem for LXC.
[[0;32m  OK  [0m] Started Regular background program processing daemon.
[[0;32m  OK  [0m] Started D-Bus System Message Bus.
         Starting MySQL Community Server...
         Starting Message of the Day...
         Starting Login Service...
         Starting System Logging Service...
         Starting Snap Daemon...
[[0;32m  OK  [0m] Started LXD - container startup/shutdown.
[[0;32m  OK  [0m] Started Permit User Sessions.
         Starting Hold until boot process finishes up...
         Starting Terminate Plymouth Boot Screen...
[[0;32m  OK  [0m] Started System Logging Service.
[[0;1;31mFAILED[0m] Failed to start Pollinate to seed the pseudo random number generator.
See 'systemctl status pollinate.service' for details.
[[0;32m  OK  [0m] Started Hold until boot process finishes up.
[[0;32m  OK  [0m] Started Terminate Plymouth Boot Screen.
[[0;32m  OK  [0m] Started Login Service.
[[0;32m  OK  [0m] Started Unattended Upgrades Shutdown.
         Starting Set console scheme...
[[0;32m  OK  [0m] Started Serial Getty on ttyS0.
         Starting OpenBSD Secure Shell server...
         Starting Authorization Manager...
[[0;32m  OK  [0m] Started Dispatcher daemon for systemd-networkd.
[[0;32m  OK  [0m] Started LSB: automatic crash report generation.
[[0;32m  OK  [0m] Started Set console scheme.
[[0;32m  OK  [0m] Created slice system-getty.slice.
[[0;32m  OK  [0m] Started Getty on tty1.
[[0;32m  OK  [0m] Reached target Login Prompts.
[[0;32m  OK  [0m] Started LSB: Record successful boot for GRUB.
[[0;32m  OK  [0m] Started OpenBSD Secure Shell server.
[[0;32m  OK  [0m] Started Authorization Manager.
[[0;32m  OK  [0m] Started Accounts Service.
[[0;32m  OK  [0m] Created slice User Slice of vagrant.
[[0;32m  OK  [0m] Started Clean php session files.
[[0;32m  OK  [0m] Started Session 1 of user vagrant.
         Starting User Manager for UID 1000...
[[0;32m  OK  [0m] Started Snap Daemon.
         Starting Wait until snapd is fully seeded...
[[0;32m  OK  [0m] Started Wait until snapd is fully seeded.
         Starting Apply the settings specified in cloud-config...
[[0;32m  OK  [0m] Started User Manager for UID 1000.
[   13.304533] cloud-init[1422]: Cloud-init v. 20.2-45-g5f7825e2-0ubuntu1~18.04.1 running 'modules:config' at Sat, 16 Jan 2021 08:16:53 +0000. Up 13.06 seconds.
[[0;32m  OK  [0m] Started Apply the settings specified in cloud-config.
[[0;32m  OK  [0m] Started Message of the Day.
[[0;32m  OK  [0m] Started vboxadd.service.
         Starting vboxadd-service.service...
[[0;32m  OK  [0m] Started vboxadd-service.service.
[[0;32m  OK  [0m] Started MySQL Community Server.
[[0;32m  OK  [0m] Reached target Multi-User System.
         Starting Execute cloud user/final scripts...
[[0;32m  OK  [0m] Reached target Graphical Interface.
         Starting Update UTMP about System Runlevel Changes...
[[0;32m  OK  [0m] Started Update UTMP about System Runlevel Changes.
[   15.674536] cloud-init[1754]: Cloud-init v. 20.2-45-g5f7825e2-0ubuntu1~18.04.1 running 'modules:final' at Sat, 16 Jan 2021 08:16:56 +0000. Up 15.55 seconds.
[   15.684526] cloud-init[1754]: Cloud-init v. 20.2-45-g5f7825e2-0ubuntu1~18.04.1 finished at Sat, 16 Jan 2021 08:16:56 +0000. Datasource DataSourceNoCloud [seed=/dev/sdb][dsmode=net].  Up 15.66 seconds
[[0;32m  OK  [0m] Started Execute cloud user/final scripts.
[[0;32m  OK  [0m] Reached target Cloud-init target.

Ubuntu 18.04.4 LTS ubuntu-bionic ttyS0

ubuntu-bionic login:          Stopping User Manager for UID 1000...
         Stopping Availability of block devices...
         Stopping Session 285 of user vagrant.
[[0;32m  OK  [0m] Closed Load/Save RF Kill Switch Status /dev/rfkill Watch.
[[0;32m  OK  [0m] Stopped target Host and Network Name Lookups.
         Stopping Authorization Manager...
[[0;32m  OK  [0m] Stopped target Cloud-init target.
[[0;32m  OK  [0m] Stopped target Timers.
[[0;32m  OK  [0m] Stopped Daily Cleanup of Temporary Directories.
[[0;32m  OK  [0m] Stopped Clean PHP session files every 30 mins.
[[0;32m  OK  [0m] Stopped Discard unused blocks once a week.
[[0;32m  OK  [0m] Stopped Execute cloud user/final scripts.
[[0;32m  OK  [0m] Stopped Apply the settings specified in cloud-config.
[[0;32m  OK  [0m] Stopped target Network is Online.
[[0;32m  OK  [0m] Stopped target Cloud-config availability.
[[0;32m  OK  [0m] Stopped target Graphical Interface.
         Stopping Accounts Service...
[[0;32m  OK  [0m] Stopped Message of the Day.
[[0;32m  OK  [0m] Stopped Daily apt upgrade and clean activities.
[[0;32m  OK  [0m] Stopped Daily apt download activities.
[[0;32m  OK  [0m] Stopped target System Time Synchronized.
[[0;32m  OK  [0m] Stopped target Multi-User System.
[[0;32m  OK  [0m] Stopped Wait until snapd is fully seeded.
         Stopping LXD - container startup/shutdown...
         Stopping OpenBSD Secure Shell server...
         Stopping MySQL Community Server...
         Stopping vboxadd-service.service...
         Stopping irqbalance daemon...
         Stopping FUSE filesystem for LXC...
         Stopping Dispatcher daemon for systemd-networkd...
         Stopping D-Bus System Message Bus...
         Stopping LSB: Record successful boot for GRUB...
         Stopping Deferred execution scheduler...
         Stopping LSB: automatic crash report generation...
         Stopping System Logging Service...
         Stopping Regular background program processing daemon...
[[0;32m  OK  [0m] Stopped target Login Prompts.
         Stopping Serial Getty on ttyS0...
         Stopping Getty on tty1...
[[0;32m  OK  [0m] Unmounted /var/lib/lxcfs.
[[0;32m  OK  [0m] Stopped Dispatcher daemon for systemd-networkd.
[[0;32m  OK  [0m] Stopped Deferred execution scheduler.
[[0;32m  OK  [0m] Stopped irqbalance daemon.
[[0;32m  OK  [0m] Stopped Accounts Service.
[[0;32m  OK  [0m] Stopped Regular background program processing daemon.
[[0;32m  OK  [0m] Stopped Serial Getty on ttyS0.
[[0;32m  OK  [0m] Stopped Authorization Manager.
[[0;32m  OK  [0m] Stopped Getty on tty1.
[[0;32m  OK  [0m] Stopped OpenBSD Secure Shell server.
[[0;32m  OK  [0m] Stopped User Manager for UID 1000.
[[0;32m  OK  [0m] Stopped FUSE filesystem for LXC.
[[0;32m  OK  [0m] Removed slice system-getty.slice.
[[0;32m  OK  [0m] Removed slice system-serial\x2dgetty.slice.
[[0;32m  OK  [0m] Stopped D-Bus System Message Bus.
[[0;32m  OK  [0m] Stopped System Logging Service.
[[0;32m  OK  [0m] Stopped Session 285 of user vagrant.
[[0;32m  OK  [0m] Removed slice User Slice of vagrant.
         Stopping Permit User Sessions...
         Stopping Login Service...
[[0;32m  OK  [0m] Stopped LXD - container startup/shutdown.
[[0;32m  OK  [0m] Stopped Permit User Sessions.
[[0;32m  OK  [0m] Stopped LSB: Record successful boot for GRUB.
[[0;32m  OK  [0m] Stopped vboxadd-service.service.
         Stopping vboxadd.service...
[[0;32m  OK  [0m] Stopped LSB: automatic crash report generation.
[[0;32m  OK  [0m] Stopped Availability of block devices.
[[0;32m  OK  [0m] Stopped target Remote File Systems.
[[0;32m  OK  [0m] Stopped target Remote File Systems (Pre).
[[0;32m  OK  [0m] Stopped Login Service.
[[0;32m  OK  [0m] Stopped target User and Group Name Lookups.
[[0;32m  OK  [0m] Unmounted /vagrant.
[[0;32m  OK  [0m] Stopped vboxadd.service.
[[0;32m  OK  [0m] Stopped MySQL Community Server.
[[0;32m  OK  [0m] Stopped target Network.
         Stopping ifup for enp0s8...
         Stopping Network Name Resolution...
[[0;32m  OK  [0m] Stopped target Basic System.
[[0;32m  OK  [0m] Stopped target Paths.
[[0;32m  OK  [0m] Stopped ACPI Events Check.
[[0;32m  OK  [0m] Stopped target Sockets.
[[0;32m  OK  [0m] Closed Socket activation for snappy daemon.
[[0;32m  OK  [0m] Closed Open-iSCSI iscsid Socket.
[[0;32m  OK  [0m] Closed ACPID Listen Socket.
[[0;32m  OK  [0m] Closed UUID daemon activation socket.
[[0;32m  OK  [0m] Closed LXD - unix socket.
[[0;32m  OK  [0m] Closed Syslog Socket.
[[0;32m  OK  [0m] Closed D-Bus System Message Bus Socket.
[[0;32m  OK  [0m] Stopped target System Initialization.
         Stopping Update UTMP about System Boot/Shutdown...
[[0;32m  OK  [0m] Stopped Initial cloud-init job (metadata service crawler).
         Stopping Raise network interfaces...
         Stopping Load/Save Random Seed...
[[0;32m  OK  [0m] Stopped target Local Encrypted Volumes.
[[0;32m  OK  [0m] Stopped Forward Password Requests to Wall Directory Watch.
[[0;32m  OK  [0m] Stopped Dispatch Password Requests to Console Directory Watch.
[[0;32m  OK  [0m] Stopped target Slices.
[[0;32m  OK  [0m] Removed slice User and Session Slice.
[[0;32m  OK  [0m] Stopped Network Name Resolution.
[[0;32m  OK  [0m] Stopped ifup for enp0s8.
[[0;32m  OK  [0m] Stopped Raise network interfaces.
[[0;32m  OK  [0m] Stopped Load/Save Random Seed.
[[0;32m  OK  [0m] Stopped Update UTMP about System Boot/Shutdown.
[[0;32m  OK  [0m] Stopped Create Volatile Files and Directories.
[[0;32m  OK  [0m] Stopped target Local File Systems.
         Unmounting /run/user/1000...
         Stopping Network Service...
[[0;32m  OK  [0m] Unmounted /run/user/1000.
[[0;32m  OK  [0m] Reached target Unmount All Filesystems.
[[0;32m  OK  [0m] Stopped target Local File Systems (Pre).
         Stopping Monitoring of LVM2 mirrors…ng dmeventd or progress polling...
[[0;32m  OK  [0m] Stopped Create Static Device Nodes in /dev.
[[0;32m  OK  [0m] Stopped target Swap.
[[0;32m  OK  [0m] Stopped Network Service.
[[0;32m  OK  [0m] Stopped target Network (Pre).
[[0;32m  OK  [0m] Stopped Initial cloud-init job (pre-networking).
[[0;32m  OK  [0m] Stopped Remount Root and Kernel File Systems.
[[0;32m  OK  [0m] Stopped Apply Kernel Variables.
[[0;32m  OK  [0m] Stopped Load Kernel Modules.
[[0;32m  OK  [0m] Reached target Shutdown.
[[0;32m  OK  [0m] Reached target Final Step.
         Starting Power-Off...
[15954.995927] reboot: Power down
